[13:52:26] [main/INFO]: Setting user: Player413
[13:52:28] [Client thread/INFO]: LWJGL Version: 2.9.1
[13:52:45] [Client thread/INFO]: Reloading ResourceManager: Default, FMLFileResourcePack:Forge Mod Loader, FMLFileResourcePack:Minecraft Forge, FMLFileResourcePack:mybestmod
[13:52:47] [Sound Library Loader/INFO]: Sound engine started
[13:52:57] [Client thread/INFO]: Created: 16x16 textures/blocks-atlas
[13:52:57] [Client thread/INFO]: Created: 16x16 textures/items-atlas
[13:52:57] [Client thread/INFO]: Reloading ResourceManager: Default, FMLFileResourcePack:Forge Mod Loader, FMLFileResourcePack:Minecraft Forge, FMLFileResourcePack:mybestmod
[13:52:58] [Client thread/INFO]: Created: 512x256 textures/blocks-atlas
[13:52:58] [Client thread/INFO]: Created: 256x256 textures/items-atlas
[13:52:59] [Sound Library Loader/INFO]: Sound engine started
[13:53:07] [Server thread/INFO]: Starting integrated minecraft server version 1.7.10
[13:53:07] [Server thread/INFO]: Generating keypair
[13:53:07] [Server thread/INFO]: Preparing start region for level 0
[13:53:08] [Server thread/INFO]: Preparing spawn area: 23%
[13:53:09] [Server thread/INFO]: Changing view distance to 6, from 10
[13:53:10] [Server thread/INFO]: Player413[local:E:9ea9e629] logged in with entity id 277 at (-16.20887539552573, 69.0, 290.1512382040183)
[13:53:10] [Server thread/INFO]: Player413 joined the game
[13:53:14] [Server thread/WARN]: Can't keep up! Did the system time change, or is the server overloaded? Running 4327ms behind, skipping 86 tick(s)
[13:53:15] [Client thread/INFO]: [CHAT] Unknown command. Try /help for a list of commands
[13:53:20] [Server thread/INFO]: Player413 fell out of the world
[13:53:20] [Client thread/INFO]: [CHAT] Player413 fell out of the world
[13:53:20] [Client thread/INFO]: [CHAT] Ouch! That looked like it hurt
[13:53:29] [Server thread/INFO]: [Player413: Set own game mode to Survival Mode]
[13:53:29] [Client thread/INFO]: [CHAT] Your game mode has been updated
[13:53:37] [Server thread/INFO]: Saving and pausing game...
[13:53:37] [Server thread/INFO]: Saving chunks for level 'New World'/Overworld
[13:53:37] [Server thread/INFO]: Saving chunks for level 'New World'/Nether
[13:53:37] [Server thread/INFO]: Saving chunks for level 'New World'/The End
[13:53:46] [Client thread/INFO]: [CHAT] §6Wood
[13:53:55] [Client thread/INFO]: [CHAT] §6Wood
[13:54:00] [Client thread/INFO]: [CHAT] §6Wood
[13:54:08] [Client thread/INFO]: [CHAT] §6Wood
[13:54:12] [Server thread/INFO]: Player413 has just earned the achievement [Taking Inventory]
[13:54:12] [Client thread/INFO]: [CHAT] Player413 has just earned the achievement [Taking Inventory]
[13:54:30] [Server thread/INFO]: Player413 has just earned the achievement [Getting Wood]
[13:54:30] [Client thread/INFO]: [CHAT] Player413 has just earned the achievement [Getting Wood]
[13:54:37] [Client thread/INFO]: [CHAT] §6Wood
[13:54:42] [Client thread/INFO]: [CHAT] §6Wood
[13:54:46] [Client thread/INFO]: [CHAT] §6Wood
[13:54:53] [Client thread/INFO]: [CHAT] §6Wood
[13:55:15] [Server thread/INFO]: Player413 has just earned the achievement [Benchmarking]
[13:55:15] [Client thread/INFO]: [CHAT] Player413 has just earned the achievement [Benchmarking]
[13:55:39] [Server thread/INFO]: Saving and pausing game...
[13:55:39] [Server thread/INFO]: Saving chunks for level 'New World'/Overworld
[13:55:39] [Server thread/INFO]: Saving chunks for level 'New World'/Nether
[13:55:39] [Server thread/INFO]: Saving chunks for level 'New World'/The End
[13:58:05] [Server thread/INFO]: Player413 has just earned the achievement [Time to Mine!]
[13:58:05] [Client thread/INFO]: [CHAT] Player413 has just earned the achievement [Time to Mine!]
[13:58:14] [Server thread/INFO]: Player413 has just earned the achievement [Time to Farm!]
[13:58:14] [Client thread/INFO]: [CHAT] Player413 has just earned the achievement [Time to Farm!]
[13:59:19] [Server thread/INFO]: Player413 has just earned the achievement [Time to Strike!]
[13:59:19] [Client thread/INFO]: [CHAT] Player413 has just earned the achievement [Time to Strike!]
[13:59:37] [Client thread/INFO]: [CHAT] §6Grass Block
[13:59:42] [Client thread/INFO]: [CHAT] §6tile.dirt.name
[13:59:43] [Client thread/INFO]: [CHAT] §6tile.dirt.name
[13:59:43] [Client thread/INFO]: [CHAT] §6tile.dirt.name
[13:59:44] [Client thread/INFO]: [CHAT] §6tile.dirt.name
[13:59:47] [Client thread/INFO]: [CHAT] §6Stone
[13:59:49] [Client thread/INFO]: [CHAT] §6Stone
[13:59:55] [Client thread/INFO]: [CHAT] §6Stone
[13:59:57] [Client thread/INFO]: [CHAT] §6Stone
[14:00:14] [Client thread/INFO]: [CHAT] §6Stone
[14:00:16] [Client thread/INFO]: [CHAT] §6tile.dirt.name
[14:00:17] [Client thread/INFO]: [CHAT] §6tile.dirt.name
[14:00:19] [Client thread/INFO]: [CHAT] §6tile.dirt.name
[14:00:21] [Client thread/INFO]: [CHAT] §6tile.dirt.name
[14:00:23] [Client thread/INFO]: [CHAT] §6tile.dirt.name
[14:00:25] [Client thread/INFO]: [CHAT] §6tile.dirt.name
[14:00:27] [Client thread/INFO]: [CHAT] §6tile.dirt.name
[14:00:29] [Client thread/INFO]: [CHAT] §6Grass Block
[14:00:32] [Client thread/INFO]: [CHAT] §6Grass Block
[14:00:35] [Client thread/INFO]: [CHAT] §6tile.dirt.name
[14:00:38] [Client thread/INFO]: [CHAT] §6Grass Block
[14:00:44] [Server thread/INFO]: Saving and pausing game...
[14:00:44] [Server thread/INFO]: Saving chunks for level 'New World'/Overworld
[14:00:44] [Server thread/INFO]: Saving chunks for level 'New World'/Nether
[14:00:44] [Server thread/INFO]: Saving chunks for level 'New World'/The End
[14:00:51] [Client thread/INFO]: Reloading ResourceManager: Default, FMLFileResourcePack:Forge Mod Loader, FMLFileResourcePack:Minecraft Forge, FMLFileResourcePack:mybestmod
[14:00:52] [Client thread/INFO]: Created: 512x256 textures/blocks-atlas
[14:00:52] [Client thread/INFO]: Created: 256x256 textures/items-atlas
[14:00:53] [Sound Library Loader/INFO]: Sound engine started
[14:01:08] [Client thread/INFO]: Reloading ResourceManager: Default, FMLFileResourcePack:Forge Mod Loader, FMLFileResourcePack:Minecraft Forge, FMLFileResourcePack:mybestmod
[14:01:08] [Client thread/INFO]: Created: 512x256 textures/blocks-atlas
[14:01:08] [Client thread/INFO]: Created: 256x256 textures/items-atlas
[14:01:10] [Sound Library Loader/INFO]: Sound engine started
[14:01:11] [Client thread/INFO]: Reloading ResourceManager: Default, FMLFileResourcePack:Forge Mod Loader, FMLFileResourcePack:Minecraft Forge, FMLFileResourcePack:mybestmod
[14:01:11] [Client thread/INFO]: Created: 512x256 textures/blocks-atlas
[14:01:11] [Client thread/INFO]: Created: 256x256 textures/items-atlas
[14:01:13] [Sound Library Loader/INFO]: Sound engine started
[14:01:18] [Server thread/INFO]: Saving and pausing game...
[14:01:18] [Server thread/INFO]: Saving chunks for level 'New World'/Overworld
[14:01:18] [Server thread/INFO]: Saving chunks for level 'New World'/Nether
[14:01:18] [Server thread/INFO]: Saving chunks for level 'New World'/The End
[14:01:38] [Client thread/INFO]: Reloading ResourceManager: Default, FMLFileResourcePack:Forge Mod Loader, FMLFileResourcePack:Minecraft Forge, FMLFileResourcePack:mybestmod
[14:01:39] [Client thread/INFO]: Created: 512x256 textures/blocks-atlas
[14:01:39] [Client thread/INFO]: Created: 256x256 textures/items-atlas
[14:01:41] [Sound Library Loader/INFO]: Sound engine started
[14:01:44] [Client thread/INFO]: [CHAT] §6Grass Block
[14:01:54] [Client thread/INFO]: [CHAT] §6Stone
[14:01:55] [Client thread/INFO]: [CHAT] §6Stone
[14:01:58] [Client thread/INFO]: [CHAT] §6Stone
[14:02:00] [Client thread/INFO]: [CHAT] §6Stone
[14:02:03] [Client thread/INFO]: [CHAT] §6Stone
[14:02:06] [Client thread/INFO]: [CHAT] §6Stone
[14:02:08] [Client thread/INFO]: [CHAT] §6Stone
[14:02:09] [Client thread/INFO]: [CHAT] §6Stone
[14:02:12] [Client thread/INFO]: [CHAT] §6Stone
[14:02:13] [Client thread/INFO]: [CHAT] §6Stone
[14:02:15] [Client thread/INFO]: [CHAT] §6Stone
[14:02:28] [Server thread/INFO]: Saving and pausing game...
[14:02:28] [Server thread/INFO]: Saving chunks for level 'New World'/Overworld
[14:02:28] [Server thread/INFO]: Saving chunks for level 'New World'/Nether
[14:02:28] [Server thread/INFO]: Saving chunks for level 'New World'/The End
[14:03:25] [Server thread/INFO]: Saving and pausing game...
[14:03:25] [Server thread/INFO]: Saving chunks for level 'New World'/Overworld
[14:03:25] [Server thread/INFO]: Saving chunks for level 'New World'/Nether
[14:03:25] [Server thread/INFO]: Saving chunks for level 'New World'/The End
[14:04:09] [Server thread/INFO]: Player413 has just earned the achievement [Getting an Upgrade]
[14:04:09] [Client thread/INFO]: [CHAT] Player413 has just earned the achievement [Getting an Upgrade]
[14:04:13] [Server thread/INFO]: Saving and pausing game...
[14:04:13] [Server thread/INFO]: Saving chunks for level 'New World'/Overworld
[14:04:13] [Server thread/INFO]: Saving chunks for level 'New World'/Nether
[14:04:13] [Server thread/INFO]: Saving chunks for level 'New World'/The End
[14:04:13] [Server thread/INFO]: Saving and pausing game...
[14:04:13] [Server thread/INFO]: Saving chunks for level 'New World'/Overworld
[14:04:13] [Server thread/INFO]: Saving chunks for level 'New World'/Nether
[14:04:13] [Server thread/INFO]: Saving chunks for level 'New World'/The End
[14:04:33] [Client thread/INFO]: Reloading ResourceManager: Default, FMLFileResourcePack:Forge Mod Loader, FMLFileResourcePack:Minecraft Forge, FMLFileResourcePack:mybestmod
[14:04:33] [Client thread/INFO]: Created: 512x256 textures/blocks-atlas
[14:04:33] [Client thread/INFO]: Created: 256x256 textures/items-atlas
[14:04:35] [Sound Library Loader/INFO]: Sound engine started
[14:05:13] [Client thread/INFO]: Reloading ResourceManager: Default, FMLFileResourcePack:Forge Mod Loader, FMLFileResourcePack:Minecraft Forge, FMLFileResourcePack:mybestmod
[14:05:13] [Client thread/INFO]: Created: 512x256 textures/blocks-atlas
[14:05:13] [Client thread/INFO]: Created: 256x256 textures/items-atlas
[14:05:15] [Sound Library Loader/INFO]: Sound engine started
[14:05:18] [Server thread/INFO]: Saving and pausing game...
[14:05:18] [Server thread/INFO]: Saving chunks for level 'New World'/Overworld
[14:05:18] [Server thread/INFO]: Saving chunks for level 'New World'/Nether
[14:05:18] [Server thread/INFO]: Saving chunks for level 'New World'/The End
[14:05:46] [Client thread/INFO]: [CHAT] §6Stone
[14:05:48] [Client thread/INFO]: [CHAT] §6Stone
[14:05:49] [Client thread/INFO]: [CHAT] §6Stone
[14:05:51] [Client thread/INFO]: [CHAT] §6Stone
[14:05:52] [Client thread/INFO]: [CHAT] §6Stone
[14:05:54] [Client thread/INFO]: [CHAT] §6Stone
[14:05:55] [Client thread/INFO]: [CHAT] §6Stone
[14:05:56] [Client thread/INFO]: [CHAT] §6Stone
[14:06:09] [Client thread/INFO]: [CHAT] §6Stone
[14:06:11] [Client thread/INFO]: [CHAT] §6Stone
[14:06:13] [Client thread/INFO]: [CHAT] §6Stone
[14:06:15] [Client thread/INFO]: [CHAT] §6Stone
[14:06:18] [Client thread/INFO]: [CHAT] §6Stone
[14:06:20] [Client thread/INFO]: [CHAT] §6Stone
[14:06:21] [Client thread/INFO]: [CHAT] §6Stone
[14:06:23] [Client thread/INFO]: [CHAT] §6Stone
[14:06:25] [Client thread/INFO]: [CHAT] §6Stone
[14:06:26] [Client thread/INFO]: [CHAT] §6Stone
[14:06:30] [Client thread/INFO]: [CHAT] §6Stone
[14:06:31] [Client thread/INFO]: [CHAT] §6Stone
[14:06:34] [Client thread/INFO]: [CHAT] §6Stone
[14:06:37] [Client thread/INFO]: [CHAT] §6Stone
[14:06:38] [Client thread/INFO]: [CHAT] §6Stone
[14:06:41] [Client thread/INFO]: [CHAT] §6Stone
[14:06:43] [Client thread/INFO]: [CHAT] §6Stone
[14:06:47] [Client thread/INFO]: [CHAT] §6Stone
[14:06:50] [Client thread/INFO]: [CHAT] §6Stone
[14:06:51] [Client thread/INFO]: [CHAT] §6Stone
[14:06:53] [Client thread/INFO]: [CHAT] §6Stone
[14:06:59] [Client thread/INFO]: [CHAT] §6Stone
[14:07:00] [Client thread/INFO]: [CHAT] §6Stone
[14:07:02] [Client thread/INFO]: [CHAT] §6Stone
[14:07:09] [Client thread/INFO]: [CHAT] §6Stone
[14:07:10] [Client thread/INFO]: [CHAT] §6Stone
[14:07:11] [Client thread/INFO]: [CHAT] §6Stone
[14:07:12] [Client thread/INFO]: [CHAT] §6Stone
[14:07:13] [Client thread/INFO]: [CHAT] §6Stone
[14:07:14] [Client thread/INFO]: [CHAT] §6Stone
[14:07:17] [Client thread/INFO]: [CHAT] §6Stone
[14:07:19] [Client thread/INFO]: [CHAT] §6Stone
[14:07:21] [Client thread/INFO]: [CHAT] §6Stone
[14:07:22] [Client thread/INFO]: [CHAT] §6tile.dirt.name
[14:07:23] [Client thread/INFO]: [CHAT] §6tile.dirt.name
[14:07:27] [Client thread/INFO]: [CHAT] §6tile.dirt.name
[14:07:27] [Client thread/INFO]: [CHAT] §6tile.dirt.name
[14:07:28] [Client thread/INFO]: [CHAT] §6Grass Block
[14:07:30] [Client thread/INFO]: [CHAT] §6tile.dirt.name
[14:07:31] [Client thread/INFO]: [CHAT] §6tile.dirt.name
[14:07:33] [Client thread/INFO]: [CHAT] §6tile.dirt.name
[14:07:34] [Client thread/INFO]: [CHAT] §6tile.dirt.name
[14:07:35] [Client thread/INFO]: [CHAT] §6tile.dirt.name
[14:07:35] [Client thread/INFO]: [CHAT] §6tile.dirt.name
[14:07:37] [Client thread/INFO]: [CHAT] §6tile.dirt.name
[14:07:38] [Client thread/INFO]: [CHAT] §6tile.dirt.name
[14:07:39] [Client thread/INFO]: [CHAT] §6Grass Block
[14:07:40] [Client thread/INFO]: [CHAT] §6tile.dirt.name
[14:07:41] [Client thread/INFO]: [CHAT] §6Grass Block
[14:07:43] [Client thread/INFO]: [CHAT] §6Grass Block
[14:08:04] [Client thread/INFO]: [CHAT] §6Grass
[14:08:04] [Client thread/INFO]: [CHAT] §6Grass
[14:08:05] [Client thread/INFO]: [CHAT] §6Grass
[14:08:05] [Client thread/INFO]: [CHAT] §6Grass
[14:08:06] [Client thread/INFO]: [CHAT] §6Grass
[14:08:06] [Client thread/INFO]: [CHAT] §6Grass
[14:08:06] [Client thread/INFO]: [CHAT] §6Grass
[14:08:16] [Client thread/INFO]: [CHAT] §6tile.doublePlant.name
[14:08:16] [Client thread/INFO]: [CHAT] §6Grass
[14:08:16] [Client thread/INFO]: [CHAT] §6Grass
[14:08:16] [Client thread/INFO]: [CHAT] §6Grass
[14:08:16] [Client thread/INFO]: [CHAT] §6Grass
[14:08:16] [Client thread/INFO]: [CHAT] §6tile.flower2.name
[14:08:16] [Client thread/INFO]: [CHAT] §6Grass
[14:08:17] [Client thread/INFO]: [CHAT] §6Grass
[14:08:17] [Client thread/INFO]: [CHAT] §6Grass
[14:08:21] [Client thread/INFO]: [CHAT] §6Grass
[14:08:21] [Client thread/INFO]: [CHAT] §6Grass
[14:08:21] [Client thread/INFO]: [CHAT] §6Grass
[14:08:21] [Client thread/INFO]: [CHAT] §6Grass
[14:08:21] [Client thread/INFO]: [CHAT] §6Grass
[14:08:22] [Client thread/INFO]: [CHAT] §6Grass
[14:08:22] [Client thread/INFO]: [CHAT] §6Grass
[14:08:23] [Client thread/INFO]: [CHAT] §6Grass
[14:08:23] [Client thread/INFO]: [CHAT] §6Grass
[14:08:24] [Client thread/INFO]: [CHAT] §6Grass
[14:08:24] [Client thread/INFO]: [CHAT] §6Grass
[14:08:25] [Client thread/INFO]: [CHAT] §6Grass
[14:08:27] [Client thread/INFO]: [CHAT] §6Grass
[14:08:27] [Server thread/WARN]: Can't keep up! Did the system time change, or is the server overloaded? Running 2152ms behind, skipping 43 tick(s)
[14:08:27] [Client thread/INFO]: [CHAT] §6Grass
[14:08:35] [Client thread/INFO]: [CHAT] §6Grass
[14:09:06] [Server thread/WARN]: Can't keep up! Did the system time change, or is the server overloaded? Running 14753ms behind, skipping 295 tick(s)
[14:09:17] [Client thread/INFO]: [CHAT] §6Coal Ore
[14:09:19] [Client thread/INFO]: [CHAT] §6Coal Ore
[14:09:20] [Client thread/INFO]: [CHAT] §6Coal Ore
[14:09:22] [Client thread/INFO]: [CHAT] §6Coal Ore
[14:09:25] [Client thread/INFO]: [CHAT] §6Coal Ore
[14:09:26] [Client thread/INFO]: [CHAT] §6Coal Ore
[14:09:28] [Client thread/INFO]: [CHAT] §6Coal Ore
[14:09:29] [Client thread/INFO]: [CHAT] §6Coal Ore
[14:09:31] [Client thread/INFO]: [CHAT] §6Coal Ore
[14:09:32] [Client thread/INFO]: [CHAT] §6Coal Ore
[14:09:34] [Client thread/INFO]: [CHAT] §6Coal Ore
[14:09:36] [Client thread/INFO]: [CHAT] §6Stone
[14:09:37] [Client thread/INFO]: [CHAT] §6Stone
[14:09:39] [Client thread/INFO]: [CHAT] §6Coal Ore
[14:09:41] [Client thread/INFO]: [CHAT] §6Coal Ore
[14:09:47] [Client thread/INFO]: [CHAT] §6Stone
[14:10:15] [Client thread/INFO]: [CHAT] §6Wood
[14:10:17] [Client thread/INFO]: [CHAT] §6Wood
[14:10:19] [Client thread/INFO]: [CHAT] §6Wood
[14:10:21] [Client thread/INFO]: [CHAT] §6Wood
[14:10:39] [Server thread/WARN]: Can't keep up! Did the system time change, or is the server overloaded? Running 2663ms behind, skipping 53 tick(s)
[14:11:40] [Server thread/INFO]: Player413 has just earned the achievement [Hot Topic]
[14:11:40] [Client thread/INFO]: [CHAT] Player413 has just earned the achievement [Hot Topic]
[14:15:42] [Client thread/INFO]: [CHAT] §6Grass Block
[14:15:48] [Client thread/INFO]: [CHAT] §6Grass Block
[14:16:24] [Server thread/INFO]: Saving and pausing game...
[14:16:24] [Server thread/INFO]: Saving chunks for level 'New World'/Overworld
[14:16:24] [Server thread/INFO]: Saving chunks for level 'New World'/Nether
[14:16:24] [Server thread/INFO]: Saving chunks for level 'New World'/The End
[14:16:24] [Server thread/WARN]: Can't keep up! Did the system time change, or is the server overloaded? Running 318667ms behind, skipping 6373 tick(s)
[14:16:39] [Client thread/INFO]: [CHAT] §6Grass
[14:16:40] [Client thread/INFO]: [CHAT] §6Grass
[14:16:47] [Client thread/INFO]: [CHAT] §6Coal Ore
[14:16:47] [Server thread/WARN]: Can't keep up! Did the system time change, or is the server overloaded? Running 8519ms behind, skipping 170 tick(s)
[14:17:02] [Client thread/INFO]: [CHAT] §6Coal Ore
[14:17:13] [Server thread/INFO]: Saving and pausing game...
[14:17:13] [Server thread/INFO]: Saving chunks for level 'New World'/Overworld
[14:17:13] [Server thread/INFO]: Saving chunks for level 'New World'/Nether
[14:17:13] [Server thread/INFO]: Saving chunks for level 'New World'/The End
[14:17:13] [Server thread/WARN]: Can't keep up! Did the system time change, or is the server overloaded? Running 16619ms behind, skipping 332 tick(s)
[14:17:15] [Server thread/INFO]: Stopping server
[14:17:15] [Server thread/INFO]: Saving players
[14:17:15] [Server thread/INFO]: Saving worlds
[14:17:15] [Server thread/INFO]: Saving chunks for level 'New World'/Overworld
[14:17:15] [Server thread/INFO]: Saving chunks for level 'New World'/Nether
[14:17:15] [Server thread/INFO]: Saving chunks for level 'New World'/The End
[14:17:20] [Server thread/INFO]: Starting integrated minecraft server version 1.7.10
[14:17:20] [Server thread/INFO]: Generating keypair
[14:17:20] [Server thread/INFO]: Preparing start region for level 0
[14:17:21] [Server thread/INFO]: Changing view distance to 6, from 10
[14:17:21] [Server thread/INFO]: Player413[local:E:36e2c7d6] logged in with entity id 22634 at (33.362402711585375, 66.0, 310.9494747789043)
[14:17:21] [Server thread/INFO]: Player413 joined the game
[14:17:23] [Server thread/WARN]: Can't keep up! Did the system time change, or is the server overloaded? Running 2152ms behind, skipping 43 tick(s)
[14:17:27] [Client thread/INFO]: [CHAT] §6Coal Ore
[14:17:30] [Client thread/INFO]: [CHAT] §6Gravel
[14:17:31] [Client thread/INFO]: [CHAT] §6Gravel
[14:17:32] [Client thread/INFO]: [CHAT] §6Stone
[14:17:33] [Client thread/INFO]: [CHAT] §6Stone
[14:17:34] [Client thread/INFO]: [CHAT] §6Stone
[14:17:35] [Client thread/INFO]: [CHAT] §6Stone
[14:17:36] [Client thread/INFO]: [CHAT] §6Stone
[14:17:37] [Client thread/INFO]: [CHAT] §6Stone
[14:17:41] [Client thread/INFO]: [CHAT] §6tile.dirt.name
[14:17:41] [Client thread/INFO]: [CHAT] §6tile.dirt.name
[14:17:42] [Client thread/INFO]: [CHAT] §6tile.dirt.name
[14:17:43] [Client thread/INFO]: [CHAT] §6tile.dirt.name
[14:17:44] [Client thread/INFO]: [CHAT] §6tile.dirt.name
[14:17:45] [Client thread/INFO]: [CHAT] §6tile.dirt.name
[14:17:47] [Client thread/INFO]: [CHAT] §6tile.dirt.name
[14:17:48] [Client thread/INFO]: [CHAT] §6tile.dirt.name
[14:17:49] [Client thread/INFO]: [CHAT] §6tile.dirt.name
[14:17:49] [Client thread/INFO]: [CHAT] §6tile.dirt.name
[14:17:50] [Client thread/INFO]: [CHAT] §6tile.dirt.name
[14:17:51] [Client thread/INFO]: [CHAT] §6tile.dirt.name
[14:17:52] [Client thread/INFO]: [CHAT] §6tile.dirt.name
[14:17:53] [Client thread/INFO]: [CHAT] §6tile.dirt.name
[14:17:54] [Client thread/INFO]: [CHAT] §6tile.dirt.name
[14:17:54] [Client thread/INFO]: [CHAT] §6tile.dirt.name
[14:17:55] [Client thread/INFO]: [CHAT] §6tile.dirt.name
[14:17:56] [Client thread/INFO]: [CHAT] §6tile.dirt.name
[14:18:04] [Client thread/INFO]: [CHAT] §6Stone
[14:18:05] [Client thread/INFO]: [CHAT] §6Stone
[14:18:06] [Client thread/INFO]: [CHAT] §6Stone
[14:18:07] [Client thread/INFO]: [CHAT] §6Stone
[14:18:08] [Client thread/INFO]: [CHAT] §6Stone
[14:18:08] [Client thread/INFO]: [CHAT] §6Stone
[14:18:09] [Client thread/INFO]: [CHAT] §6Stone
[14:18:10] [Client thread/INFO]: [CHAT] §6Stone
[14:18:11] [Client thread/INFO]: [CHAT] §6Stone
[14:18:12] [Client thread/INFO]: [CHAT] §6Stone
[14:18:13] [Client thread/INFO]: [CHAT] §6Stone
[14:18:17] [Client thread/INFO]: [CHAT] §6Stone
[14:18:18] [Client thread/INFO]: [CHAT] §6Stone
[14:18:19] [Client thread/INFO]: [CHAT] §6Stone
[14:18:20] [Client thread/INFO]: [CHAT] §6Stone
[14:18:20] [Client thread/INFO]: [CHAT] §6Stone
[14:18:21] [Client thread/INFO]: [CHAT] §6Stone
[14:18:22] [Client thread/INFO]: [CHAT] §6Stone
[14:18:23] [Client thread/INFO]: [CHAT] §6Stone
[14:18:24] [Client thread/INFO]: [CHAT] §6Stone
[14:18:25] [Client thread/INFO]: [CHAT] §6Stone
[14:18:26] [Client thread/INFO]: [CHAT] §6Stone
[14:18:29] [Client thread/INFO]: [CHAT] §6Stone
[14:18:30] [Client thread/INFO]: [CHAT] §6Stone
[14:18:31] [Client thread/INFO]: [CHAT] §6Stone
[14:18:31] [Client thread/INFO]: [CHAT] §6Stone
[14:18:32] [Client thread/INFO]: [CHAT] §6Stone
[14:18:34] [Client thread/INFO]: [CHAT] §6Coal Ore
[14:18:37] [Client thread/INFO]: [CHAT] §6Coal Ore
[14:18:38] [Client thread/INFO]: [CHAT] §6Coal Ore
[14:18:39] [Client thread/INFO]: [CHAT] §6Stone
[14:18:40] [Client thread/INFO]: [CHAT] §6Stone
[14:18:41] [Client thread/INFO]: [CHAT] §6Stone
[14:18:42] [Client thread/INFO]: [CHAT] §6Stone
[14:18:43] [Client thread/INFO]: [CHAT] §6Stone
[14:18:48] [Client thread/INFO]: [CHAT] §6Stone
[14:18:49] [Client thread/INFO]: [CHAT] §6Stone
[14:18:51] [Client thread/INFO]: [CHAT] §6Stone
[14:18:52] [Client thread/INFO]: [CHAT] §6Stone
[14:18:54] [Client thread/INFO]: [CHAT] §6Stone
[14:19:08] [Client thread/INFO]: [CHAT] §6Redstone Ore
[14:19:23] [Client thread/INFO]: [CHAT] §6tile.bestblockever.name
[14:19:36] [Client thread/INFO]: [CHAT] §6tile.bestblockever.name
[14:19:47] [Client thread/INFO]: [CHAT] §6Iron Ore
[14:19:48] [Client thread/INFO]: [CHAT] §6Iron Ore
[14:19:50] [Client thread/INFO]: [CHAT] §6Iron Ore
[14:19:51] [Client thread/INFO]: [CHAT] §6Iron Ore
[14:19:59] [Client thread/INFO]: [CHAT] §6Iron Ore
[14:20:16] [Client thread/INFO]: [CHAT] §6Iron Ore
[14:20:17] [Client thread/INFO]: [CHAT] §6Iron Ore
[14:20:19] [Client thread/INFO]: [CHAT] §6Iron Ore
[14:20:20] [Client thread/INFO]: [CHAT] §6Iron Ore
[14:20:22] [Client thread/INFO]: [CHAT] §6Iron Ore
[14:20:30] [Client thread/INFO]: [CHAT] §6Iron Ore
[14:20:32] [Client thread/INFO]: [CHAT] §6Iron Ore
[14:20:45] [Client thread/INFO]: [CHAT] §6Mushroom
[14:20:46] [Client thread/INFO]: [CHAT] §6Mushroom
[14:20:49] [Server thread/WARN]: Can't keep up! Did the system time change, or is the server overloaded? Running 5400ms behind, skipping 108 tick(s)
[14:21:01] [Client thread/INFO]: [CHAT] §6Stone
[14:21:28] [Client thread/INFO]: [CHAT] §6Stone
[14:23:51] [Server thread/INFO]: Saving and pausing game...
[14:23:51] [Server thread/INFO]: Saving chunks for level 'New World'/Overworld
[14:23:51] [Server thread/INFO]: Saving chunks for level 'New World'/Nether
[14:23:51] [Server thread/INFO]: Saving chunks for level 'New World'/The End
[14:23:51] [Server thread/WARN]: Can't keep up! Did the system time change, or is the server overloaded? Running 162394ms behind, skipping 3247 tick(s)
[14:23:52] [Server thread/INFO]: Stopping server
[14:23:52] [Server thread/INFO]: Saving players
[14:23:52] [Server thread/INFO]: Saving worlds
[14:23:52] [Server thread/INFO]: Saving chunks for level 'New World'/Overworld
[14:23:52] [Server thread/INFO]: Saving chunks for level 'New World'/Nether
[14:23:52] [Server thread/INFO]: Saving chunks for level 'New World'/The End
[14:23:55] [Server thread/INFO]: Starting integrated minecraft server version 1.7.10
[14:23:55] [Server thread/INFO]: Generating keypair
[14:23:55] [Server thread/INFO]: Preparing start region for level 0
[14:23:56] [Server thread/INFO]: Changing view distance to 6, from 10
[14:23:56] [Server thread/INFO]: Player413[local:E:52bb91a5] logged in with entity id 43425 at (32.24724191921352, 18.0, 325.6623973929852)
[14:23:56] [Server thread/INFO]: Player413 joined the game
[14:23:59] [Client thread/INFO]: [CHAT] §6Gold Ore
[14:24:00] [Client thread/INFO]: [CHAT] §6Gold Ore
[14:24:01] [Client thread/INFO]: [CHAT] §6Stone
[14:24:02] [Client thread/INFO]: [CHAT] §6Iron Ore
[14:24:14] [Client thread/INFO]: [CHAT] §6Stone
[14:24:15] [Client thread/INFO]: [CHAT] §6Stone
[14:24:16] [Client thread/INFO]: [CHAT] §6Stone
[14:24:16] [Client thread/INFO]: [CHAT] §6Stone
[14:24:17] [Client thread/INFO]: [CHAT] §6Stone
[14:24:17] [Client thread/INFO]: [CHAT] §6Stone
[14:24:18] [Client thread/INFO]: [CHAT] §6Stone
[14:24:19] [Client thread/INFO]: [CHAT] §6Stone
[14:24:19] [Client thread/INFO]: [CHAT] §6Stone
[14:24:20] [Client thread/INFO]: [CHAT] §6Stone
[14:24:20] [Client thread/INFO]: [CHAT] §6Stone
[14:24:28] [Client thread/INFO]: [CHAT] §6Stone
[14:24:29] [Client thread/INFO]: [CHAT] §6Stone
[14:24:32] [Client thread/INFO]: [CHAT] §6Stone
[14:24:32] [Client thread/INFO]: [CHAT] §6Stone
[14:24:38] [Client thread/INFO]: [CHAT] §6Stone
[14:24:38] [Client thread/INFO]: [CHAT] §6Stone
[14:24:39] [Client thread/INFO]: [CHAT] §6Stone
[14:24:40] [Client thread/INFO]: [CHAT] §6Stone
[14:24:40] [Client thread/INFO]: [CHAT] §6Stone
[14:24:42] [Client thread/INFO]: [CHAT] §6Stone
[14:24:42] [Client thread/INFO]: [CHAT] §6Stone
[14:24:43] [Client thread/INFO]: [CHAT] §6Stone
[14:24:43] [Client thread/INFO]: [CHAT] §6Stone
[14:24:44] [Client thread/INFO]: [CHAT] §6Stone
[14:24:45] [Client thread/INFO]: [CHAT] §6Stone
[14:24:56] [Client thread/INFO]: [CHAT] §6Stone
[14:25:00] [Client thread/INFO]: [CHAT] §6Stone
[14:25:01] [Client thread/INFO]: [CHAT] §6Stone
[14:25:01] [Client thread/INFO]: [CHAT] §6Stone
[14:25:05] [Client thread/INFO]: [CHAT] §6Stone
[14:25:06] [Client thread/INFO]: [CHAT] §6Stone
[14:25:06] [Client thread/INFO]: [CHAT] §6Stone
[14:25:07] [Client thread/INFO]: [CHAT] §6Stone
[14:25:08] [Client thread/INFO]: [CHAT] §6Stone
[14:25:10] [Client thread/INFO]: [CHAT] §6Stone
[14:25:11] [Client thread/INFO]: [CHAT] §6Stone
[14:25:13] [Client thread/INFO]: [CHAT] §6Stone
[14:25:13] [Client thread/INFO]: [CHAT] §6Stone
[14:25:14] [Client thread/INFO]: [CHAT] §6Stone
[14:25:15] [Client thread/INFO]: [CHAT] §6Stone
[14:25:15] [Client thread/INFO]: [CHAT] §6Stone
[14:25:16] [Client thread/INFO]: [CHAT] §6Stone
[14:25:17] [Client thread/INFO]: [CHAT] §6Stone
[14:25:18] [Client thread/INFO]: [CHAT] §6Stone
[14:25:19] [Client thread/INFO]: [CHAT] §6Stone
[14:25:21] [Client thread/INFO]: [CHAT] §6Stone
[14:25:21] [Client thread/INFO]: [CHAT] §6Stone
[14:25:23] [Client thread/INFO]: [CHAT] §6Stone
[14:25:24] [Client thread/INFO]: [CHAT] §6Stone
[14:25:24] [Client thread/INFO]: [CHAT] §6Stone
[14:25:26] [Client thread/INFO]: [CHAT] §6Stone
[14:25:27] [Client thread/INFO]: [CHAT] §6Stone
[14:25:28] [Client thread/INFO]: [CHAT] §6Redstone Ore
[14:25:29] [Client thread/INFO]: [CHAT] §6Stone
[14:25:30] [Client thread/INFO]: [CHAT] §6Stone
[14:25:30] [Client thread/INFO]: [CHAT] §6Stone
[14:25:31] [Client thread/INFO]: [CHAT] §6Stone
[14:25:32] [Client thread/INFO]: [CHAT] §6Stone
[14:25:33] [Client thread/INFO]: [CHAT] §6Stone
[14:25:34] [Client thread/INFO]: [CHAT] §6Stone
[14:25:34] [Client thread/INFO]: [CHAT] §6Stone
[14:25:35] [Client thread/INFO]: [CHAT] §6Iron Ore
[14:25:36] [Client thread/INFO]: [CHAT] §6Stone
[14:25:37] [Client thread/INFO]: [CHAT] §6Stone
[14:25:38] [Client thread/INFO]: [CHAT] §6Stone
[14:25:38] [Client thread/INFO]: [CHAT] §6Stone
[14:25:39] [Client thread/INFO]: [CHAT] §6Iron Ore
[14:25:50] [Server thread/INFO]: [Player413: Set own game mode to Creative Mode]
[14:25:50] [Client thread/INFO]: [CHAT] Your game mode has been updated
[14:25:51] [Client thread/INFO]: [CHAT] §6Bedrock
[14:25:51] [Client thread/INFO]: [CHAT] §6Bedrock
[14:25:56] [Server thread/INFO]: Player413 fell out of the world
[14:25:56] [Client thread/INFO]: [CHAT] Player413 fell out of the world
[14:26:45] [Client thread/INFO]: [CHAT] §6tile.doublePlant.name
[14:26:46] [Client thread/INFO]: [CHAT] §6tile.doublePlant.name
[14:26:46] [Client thread/INFO]: [CHAT] §6Grass Block
[14:26:47] [Client thread/INFO]: [CHAT] §6tile.dirt.name
[14:26:47] [Client thread/INFO]: [CHAT] §6Bedrock
[14:26:47] [Client thread/INFO]: [CHAT] §6Bedrock
[14:26:48] [Client thread/INFO]: [CHAT] §6Bedrock
[14:26:48] [Client thread/INFO]: [CHAT] §6Bedrock
[14:26:48] [Client thread/INFO]: [CHAT] §6Grass Block
[14:26:52] [Client thread/INFO]: [CHAT] §6tile.bestblockever.name
[14:26:53] [Client thread/INFO]: [CHAT] §6tile.bestblockever.name
[14:26:54] [Client thread/INFO]: [CHAT] §6tile.bestblockever.name
[14:26:54] [Client thread/INFO]: [CHAT] §6tile.bestblockever.name
[14:26:55] [Client thread/INFO]: [CHAT] §6tile.bestblockever.name
[14:26:56] [Client thread/INFO]: [CHAT] §6tile.bestblockever.name
[14:26:59] [Client thread/INFO]: [CHAT] §6tile.bestblockever.name
[14:26:59] [Client thread/INFO]: [CHAT] §6Grass Block
[14:27:00] [Client thread/INFO]: [CHAT] §6tile.bestblockever.name
[14:27:01] [Client thread/INFO]: [CHAT] §6Grass Block
[14:27:01] [Client thread/INFO]: [CHAT] §6tile.bestblockever.name
[14:27:02] [Client thread/INFO]: [CHAT] §6Grass Block
[14:27:03] [Client thread/INFO]: [CHAT] §6Grass Block
[14:27:03] [Client thread/INFO]: [CHAT] §6tile.dirt.name
[14:27:04] [Client thread/INFO]: [CHAT] §6Stone
[14:27:04] [Client thread/INFO]: [CHAT] §6Stone
[14:27:04] [Client thread/INFO]: [CHAT] §6Stone
[14:27:05] [Client thread/INFO]: [CHAT] §6Stone
[14:27:05] [Client thread/INFO]: [CHAT] §6Stone
[14:27:05] [Client thread/INFO]: [CHAT] §6Stone
[14:27:06] [Client thread/INFO]: [CHAT] §6Stone
[14:27:06] [Client thread/INFO]: [CHAT] §6Stone
[14:27:06] [Client thread/INFO]: [CHAT] §6Stone
[14:27:06] [Client thread/INFO]: [CHAT] §6Stone
[14:27:07] [Client thread/INFO]: [CHAT] §6Stone
[14:27:07] [Client thread/INFO]: [CHAT] §6Stone
[14:27:07] [Client thread/INFO]: [CHAT] §6Stone
[14:27:08] [Client thread/INFO]: [CHAT] §6Stone
[14:27:08] [Client thread/INFO]: [CHAT] §6Stone
[14:27:08] [Client thread/INFO]: [CHAT] §6Stone
[14:27:09] [Client thread/INFO]: [CHAT] §6Stone
[14:27:09] [Client thread/INFO]: [CHAT] §6Stone
[14:27:09] [Client thread/INFO]: [CHAT] §6Stone
[14:27:09] [Client thread/INFO]: [CHAT] §6Stone
[14:27:10] [Client thread/INFO]: [CHAT] §6Stone
[14:27:10] [Client thread/INFO]: [CHAT] §6Stone
[14:27:10] [Client thread/INFO]: [CHAT] §6Stone
[14:27:11] [Client thread/INFO]: [CHAT] §6Stone
[14:27:11] [Client thread/INFO]: [CHAT] §6Stone
[14:27:11] [Client thread/INFO]: [CHAT] §6Stone
[14:27:12] [Client thread/INFO]: [CHAT] §6Stone
[14:27:12] [Client thread/INFO]: [CHAT] §6Stone
[14:27:12] [Client thread/INFO]: [CHAT] §6Stone
[14:27:12] [Client thread/INFO]: [CHAT] §6Stone
[14:27:13] [Client thread/INFO]: [CHAT] §6Stone
[14:27:13] [Client thread/INFO]: [CHAT] §6Stone
[14:27:13] [Client thread/INFO]: [CHAT] §6Stone
[14:27:14] [Client thread/INFO]: [CHAT] §6Stone
[14:27:14] [Client thread/INFO]: [CHAT] §6Stone
[14:27:14] [Client thread/INFO]: [CHAT] §6tile.dirt.name
[14:27:15] [Client thread/INFO]: [CHAT] §6tile.dirt.name
[14:27:15] [Client thread/INFO]: [CHAT] §6tile.dirt.name
[14:27:15] [Client thread/INFO]: [CHAT] §6Stone
[14:27:15] [Client thread/INFO]: [CHAT] §6Stone
[14:27:16] [Client thread/INFO]: [CHAT] §6Stone
[14:27:16] [Client thread/INFO]: [CHAT] §6Stone
[14:27:16] [Client thread/INFO]: [CHAT] §6tile.dirt.name
[14:27:17] [Client thread/INFO]: [CHAT] §6tile.dirt.name
[14:27:17] [Client thread/INFO]: [CHAT] §6tile.dirt.name
[14:27:17] [Client thread/INFO]: [CHAT] §6tile.dirt.name
[14:27:18] [Client thread/INFO]: [CHAT] §6Stone
[14:27:18] [Client thread/INFO]: [CHAT] §6Stone
[14:27:18] [Client thread/INFO]: [CHAT] §6Stone
[14:27:18] [Client thread/INFO]: [CHAT] §6Stone
[14:27:19] [Client thread/INFO]: [CHAT] §6Stone
[14:27:19] [Client thread/INFO]: [CHAT] §6Stone
[14:27:19] [Client thread/INFO]: [CHAT] §6Stone
[14:27:20] [Client thread/INFO]: [CHAT] §6Stone
[14:27:20] [Client thread/INFO]: [CHAT] §6Iron Ore
[14:27:20] [Client thread/INFO]: [CHAT] §6Stone
[14:27:21] [Client thread/INFO]: [CHAT] §6Stone
[14:27:21] [Client thread/INFO]: [CHAT] §6Stone
[14:27:21] [Client thread/INFO]: [CHAT] §6Stone
[14:27:21] [Client thread/INFO]: [CHAT] §6Stone
[14:27:22] [Client thread/INFO]: [CHAT] §6Stone
[14:27:22] [Client thread/INFO]: [CHAT] §6Stone
[14:27:22] [Client thread/INFO]: [CHAT] §6Stone
[14:27:23] [Client thread/INFO]: [CHAT] §6Stone
[14:27:23] [Client thread/INFO]: [CHAT] §6Stone
[14:27:23] [Client thread/INFO]: [CHAT] §6Gravel
[14:27:24] [Client thread/INFO]: [CHAT] §6Bedrock
[14:27:24] [Client thread/INFO]: [CHAT] §6Bedrock
[14:27:29] [Server thread/INFO]: Player413 fell out of the world
[14:27:29] [Client thread/INFO]: [CHAT] Player413 fell out of the world
[14:27:32] [Server thread/INFO]: Saving and pausing game...
[14:27:32] [Server thread/INFO]: Saving chunks for level 'New World'/Overworld
[14:27:32] [Server thread/INFO]: Saving chunks for level 'New World'/Nether
[14:27:32] [Server thread/INFO]: Saving chunks for level 'New World'/The End
[14:27:33] [Server thread/INFO]: Stopping server
[14:27:33] [Server thread/INFO]: Saving players
[14:27:33] [Server thread/INFO]: Saving worlds
[14:27:33] [Server thread/INFO]: Saving chunks for level 'New World'/Overworld
[14:27:33] [Server thread/INFO]: Saving chunks for level 'New World'/Nether
[14:27:33] [Server thread/INFO]: Saving chunks for level 'New World'/The End
[14:27:34] [Client thread/INFO]: Stopping!
